0 info it worked if it ends with ok
1 verbose cli [ '/usr/bin/node', '/usr/bin/npm', 'run', 'test:local:chrome' ]
2 info using npm@3.5.2
3 info using node@v8.10.0
4 verbose run-script [ 'pretest:local:chrome',
4 verbose run-script   'test:local:chrome',
4 verbose run-script   'posttest:local:chrome' ]
5 info lifecycle SC_TestSuite@1.0.0~pretest:local:chrome: SC_TestSuite@1.0.0
6 silly lifecycle SC_TestSuite@1.0.0~pretest:local:chrome: no script for pretest:local:chrome, continuing
7 info lifecycle SC_TestSuite@1.0.0~test:local:chrome: SC_TestSuite@1.0.0
8 verbose lifecycle SC_TestSuite@1.0.0~test:local:chrome: unsafe-perm in lifecycle true
9 verbose lifecycle SC_TestSuite@1.0.0~test:local:chrome: PATH: /usr/share/npm/bin/node-gyp-bin:/home/vivek/Desktop/SC_TestSuite/node_modules/.bin:/usr/local/sbin:/usr/local/bin:/usr/sbin:/usr/bin:/sbin:/bin:/usr/games:/usr/local/games:/snap/bin:/usr/lib/jvm/default-java/bin:/home/vivek/Android/Sdk/tools:/home/vivek/Android/Sdk/platform-tools
10 verbose lifecycle SC_TestSuite@1.0.0~test:local:chrome: CWD: /home/vivek/Desktop/SC_TestSuite
11 silly lifecycle SC_TestSuite@1.0.0~test:local:chrome: Args: [ '-c', 'protractor src/conf/conf.js' ]
12 silly lifecycle SC_TestSuite@1.0.0~test:local:chrome: Returned: code: 1  signal: null
13 info lifecycle SC_TestSuite@1.0.0~test:local:chrome: Failed to exec test:local:chrome script
14 verbose stack Error: SC_TestSuite@1.0.0 test:local:chrome: `protractor src/conf/conf.js`
14 verbose stack Exit status 1
14 verbose stack     at EventEmitter.<anonymous> (/usr/share/npm/lib/utils/lifecycle.js:232:16)
14 verbose stack     at emitTwo (events.js:126:13)
14 verbose stack     at EventEmitter.emit (events.js:214:7)
14 verbose stack     at ChildProcess.<anonymous> (/usr/share/npm/lib/utils/spawn.js:24:14)
14 verbose stack     at emitTwo (events.js:126:13)
14 verbose stack     at ChildProcess.emit (events.js:214:7)
14 verbose stack     at maybeClose (internal/child_process.js:925:16)
14 verbose stack     at Process.ChildProcess._handle.onexit (internal/child_process.js:209:5)
15 verbose pkgid SC_TestSuite@1.0.0
16 verbose cwd /home/vivek/Desktop/SC_TestSuite
17 error Linux 4.15.0-72-generic
18 error argv "/usr/bin/node" "/usr/bin/npm" "run" "test:local:chrome"
19 error node v8.10.0
20 error npm  v3.5.2
21 error code ELIFECYCLE
22 error SC_TestSuite@1.0.0 test:local:chrome: `protractor src/conf/conf.js`
22 error Exit status 1
23 error Failed at the SC_TestSuite@1.0.0 test:local:chrome script 'protractor src/conf/conf.js'.
23 error Make sure you have the latest version of node.js and npm installed.
23 error If you do, this is most likely a problem with the SC_TestSuite package,
23 error not with npm itself.
23 error Tell the author that this fails on your system:
23 error     protractor src/conf/conf.js
23 error You can get information on how to open an issue for this project with:
23 error     npm bugs SC_TestSuite
23 error Or if that isn't available, you can get their info via:
23 error     npm owner ls SC_TestSuite
23 error There is likely additional logging output above.
24 verbose exit [ 1, true ]
